<?xml version="1.0" encoding="UTF-8"?>
<testsuite name="UTest" tests="1" skipped="0" failures="1" errors="0" timestamp="2021-11-16T13:25:17" hostname="Sistemas" time="92.496">
  <properties/>
  <testcase name="Automatic registration" classname="UTest" time="92.496">
    <failure message="net.thucydides.core.webdriver.exceptions.ElementShouldBeEnabledException: Expected enabled element was not enabled" type="net.thucydides.core.webdriver.exceptions.ElementShouldBeEnabledException">net.thucydides.core.webdriver.exceptions.ElementShouldBeEnabledException: Expected enabled element was not enabled
	at net.serenitybdd.core.pages.WebElementFacadeImpl.waitUntilEnabled(WebElementFacadeImpl.java:1149)
	at net.serenitybdd.core.pages.WebElementFacadeImpl.waitUntilElementAvailable(WebElementFacadeImpl.java:954)
	at net.serenitybdd.core.pages.WebElementFacadeImpl.click(WebElementFacadeImpl.java:1229)
	at net.serenitybdd.screenplay.actions.ClickOnTarget.performAs(ClickOnTarget.java:13)
	at net.serenitybdd.screenplay.actions.ClickOnTarget$ByteBuddy$npg5pcec.performAs$accessor$Z8OTKhFW(Unknown Source)
	at java.base/jdk.internal.reflect.NativeMethodAccessorImpl.invoke0(Native Method)
	at java.base/jdk.internal.reflect.NativeMethodAccessorImpl.invoke(NativeMethodAccessorImpl.java:62)
	at java.base/jdk.internal.reflect.DelegatingMethodAccessorImpl.invoke(DelegatingMethodAccessorImpl.java:43)
	at java.base/java.lang.reflect.Method.invoke(Method.java:566)
	at net.thucydides.core.steps.StepInterceptor.invokeMethod(StepInterceptor.java:471)
	at net.thucydides.core.steps.StepInterceptor.executeTestStepMethod(StepInterceptor.java:451)
	at net.thucydides.core.steps.StepInterceptor.runTestStep(StepInterceptor.java:424)
	at net.thucydides.core.steps.StepInterceptor.runOrSkipMethod(StepInterceptor.java:180)
	at net.thucydides.core.steps.StepInterceptor.testStepResult(StepInterceptor.java:167)
	at net.thucydides.core.steps.StepInterceptor.intercept(StepInterceptor.java:75)
	at net.serenitybdd.screenplay.actions.ClickOnTarget$ByteBuddy$npg5pcec.performAs(Unknown Source)
	at net.serenitybdd.screenplay.Actor.performTask(Actor.java:233)
	at net.serenitybdd.screenplay.Actor.perform(Actor.java:214)
	at net.serenitybdd.screenplay.Actor.attemptsTo(Actor.java:171)
	at co.com.dmvs.proyecto.task.StepComplete.performAs(StepComplete.java:20)
	at co.com.dmvs.proyecto.task.StepComplete$ByteBuddy$wNDOPR5K.performAs$accessor$blGN1mcA(Unknown Source)
	at java.base/jdk.internal.reflect.NativeMethodAccessorImpl.invoke0(Native Method)
	at java.base/jdk.internal.reflect.NativeMethodAccessorImpl.invoke(NativeMethodAccessorImpl.java:62)
	at java.base/jdk.internal.reflect.DelegatingMethodAccessorImpl.invoke(DelegatingMethodAccessorImpl.java:43)
	at java.base/java.lang.reflect.Method.invoke(Method.java:566)
	at net.thucydides.core.steps.StepInterceptor.invokeMethod(StepInterceptor.java:471)
	at net.thucydides.core.steps.StepInterceptor.executeTestStepMethod(StepInterceptor.java:451)
	at net.thucydides.core.steps.StepInterceptor.runTestStep(StepInterceptor.java:424)
	at net.thucydides.core.steps.StepInterceptor.runOrSkipMethod(StepInterceptor.java:180)
	at net.thucydides.core.steps.StepInterceptor.testStepResult(StepInterceptor.java:167)
	at net.thucydides.core.steps.StepInterceptor.intercept(StepInterceptor.java:75)
	at co.com.dmvs.proyecto.task.StepComplete$ByteBuddy$wNDOPR5K.performAs(Unknown Source)
	at net.serenitybdd.screenplay.Actor.performTask(Actor.java:233)
	at net.serenitybdd.screenplay.Actor.perform(Actor.java:214)
	at net.serenitybdd.screenplay.Actor.attemptsTo(Actor.java:171)
	at net.serenitybdd.screenplay.Actor.wasAbleTo(Actor.java:158)
	at co.com.dmvs.proyecto.stepdefinitions.ChourcairAcademyStepDefinitions.youEnterTheDataRequestedForRegistration(ChourcairAcademyStepDefinitions.java:27)
	at ✽.you enter the data requested for registration(src/test/resources/features/academyChourcair.feature:8)
Caused by: org.openqa.selenium.TimeoutException: Expected condition failed: waiting for By.xpath: //label[contains(@class,'checkmark signup-consent__checkbox error')] to be enabled (tried for 5 second(s) with 100 milliseconds interval)
	at org.openqa.selenium.support.ui.FluentWait.timeoutException(FluentWait.java:304)
	at org.openqa.selenium.support.ui.FluentWait.until(FluentWait.java:272)
	at net.serenitybdd.core.pages.WebElementFacadeImpl.waitUntilEnabled(WebElementFacadeImpl.java:1146)
	at net.serenitybdd.core.pages.WebElementFacadeImpl.waitUntilElementAvailable(WebElementFacadeImpl.java:954)
	at net.serenitybdd.core.pages.WebElementFacadeImpl.click(WebElementFacadeImpl.java:1229)
	at net.serenitybdd.screenplay.actions.ClickOnTarget.performAs(ClickOnTarget.java:13)
	at net.serenitybdd.screenplay.actions.ClickOnTarget$ByteBuddy$npg5pcec.performAs$accessor$Z8OTKhFW(Unknown Source)
	at java.base/jdk.internal.reflect.NativeMethodAccessorImpl.invoke0(Native Method)
	at java.base/jdk.internal.reflect.NativeMethodAccessorImpl.invoke(NativeMethodAccessorImpl.java:62)
	at java.base/jdk.internal.reflect.DelegatingMethodAccessorImpl.invoke(DelegatingMethodAccessorImpl.java:43)
	at java.base/java.lang.reflect.Method.invoke(Method.java:566)
	at net.thucydides.core.steps.StepInterceptor.invokeMethod(StepInterceptor.java:471)
	at net.thucydides.core.steps.StepInterceptor.executeTestStepMethod(StepInterceptor.java:451)
	at net.thucydides.core.steps.StepInterceptor.runTestStep(StepInterceptor.java:424)
	at net.thucydides.core.steps.StepInterceptor.runOrSkipMethod(StepInterceptor.java:180)
	at net.thucydides.core.steps.StepInterceptor.testStepResult(StepInterceptor.java:167)
	at net.thucydides.core.steps.StepInterceptor.intercept(StepInterceptor.java:75)
	at net.serenitybdd.screenplay.actions.ClickOnTarget$ByteBuddy$npg5pcec.performAs(Unknown Source)
	at net.serenitybdd.screenplay.Actor.performTask(Actor.java:233)
	at net.serenitybdd.screenplay.Actor.perform(Actor.java:214)
	at net.serenitybdd.screenplay.Actor.attemptsTo(Actor.java:171)
	at co.com.dmvs.proyecto.task.StepComplete.performAs(StepComplete.java:20)
	at co.com.dmvs.proyecto.task.StepComplete$ByteBuddy$wNDOPR5K.performAs$accessor$blGN1mcA(Unknown Source)
	at java.base/jdk.internal.reflect.NativeMethodAccessorImpl.invoke0(Native Method)
	at java.base/jdk.internal.reflect.NativeMethodAccessorImpl.invoke(NativeMethodAccessorImpl.java:62)
	at java.base/jdk.internal.reflect.DelegatingMethodAccessorImpl.invoke(DelegatingMethodAccessorImpl.java:43)
	at java.base/java.lang.reflect.Method.invoke(Method.java:566)
	at net.thucydides.core.steps.StepInterceptor.invokeMethod(StepInterceptor.java:471)
	at net.thucydides.core.steps.StepInterceptor.executeTestStepMethod(StepInterceptor.java:451)
	at net.thucydides.core.steps.StepInterceptor.runTestStep(StepInterceptor.java:424)
	at net.thucydides.core.steps.StepInterceptor.runOrSkipMethod(StepInterceptor.java:180)
	at net.thucydides.core.steps.StepInterceptor.testStepResult(StepInterceptor.java:167)
	at net.thucydides.core.steps.StepInterceptor.intercept(StepInterceptor.java:75)
	at co.com.dmvs.proyecto.task.StepComplete$ByteBuddy$wNDOPR5K.performAs(Unknown Source)
	at net.serenitybdd.screenplay.Actor.performTask(Actor.java:233)
	at net.serenitybdd.screenplay.Actor.perform(Actor.java:214)
	at net.serenitybdd.screenplay.Actor.attemptsTo(Actor.java:171)
	at net.serenitybdd.screenplay.Actor.wasAbleTo(Actor.java:158)
	at co.com.dmvs.proyecto.stepdefinitions.ChourcairAcademyStepDefinitions.youEnterTheDataRequestedForRegistration(ChourcairAcademyStepDefinitions.java:27)
	at java.base/jdk.internal.reflect.NativeMethodAccessorImpl.invoke0(Native Method)
	at java.base/jdk.internal.reflect.NativeMethodAccessorImpl.invoke(NativeMethodAccessorImpl.java:62)
	at java.base/jdk.internal.reflect.DelegatingMethodAccessorImpl.invoke(DelegatingMethodAccessorImpl.java:43)
	at java.base/java.lang.reflect.Method.invoke(Method.java:566)
	at cucumber.runtime.Utils$1.call(Utils.java:31)
	at cucumber.runtime.Timeout.timeout(Timeout.java:16)
	at cucumber.runtime.Utils.invoke(Utils.java:25)
	at cucumber.runtime.java.JavaStepDefinition.execute(JavaStepDefinition.java:37)
	at cucumber.runtime.StepDefinitionMatch.runStep(StepDefinitionMatch.java:40)
	at cucumber.api.TestStep.executeStep(TestStep.java:102)
	at cucumber.api.TestStep.run(TestStep.java:83)
	at cucumber.api.TestCase.run(TestCase.java:58)
	at cucumber.runner.Runner.runPickle(Runner.java:80)
	at cucumber.runtime.junit.PickleRunners$NoStepDescriptions.run(PickleRunners.java:140)
	at cucumber.runtime.junit.FeatureRunner.runChild(FeatureRunner.java:68)
	at cucumber.runtime.junit.FeatureRunner.runChild(FeatureRunner.java:23)
	at org.junit.runners.ParentRunner$3.run(ParentRunner.java:290)
	at org.junit.runners.ParentRunner$1.schedule(ParentRunner.java:71)
	at org.junit.runners.ParentRunner.runChildren(ParentRunner.java:288)
	at org.junit.runners.ParentRunner.access$000(ParentRunner.java:58)
	at org.junit.runners.ParentRunner$2.evaluate(ParentRunner.java:268)
	at org.junit.runners.ParentRunner.run(ParentRunner.java:363)
	at cucumber.runtime.junit.FeatureRunner.run(FeatureRunner.java:73)
	at cucumber.api.junit.Cucumber.runChild(Cucumber.java:118)
	at cucumber.api.junit.Cucumber.runChild(Cucumber.java:56)
	at org.junit.runners.ParentRunner$3.run(ParentRunner.java:290)
	at org.junit.runners.ParentRunner$1.schedule(ParentRunner.java:71)
	at org.junit.runners.ParentRunner.runChildren(ParentRunner.java:288)
	at org.junit.runners.ParentRunner.access$000(ParentRunner.java:58)
	at org.junit.runners.ParentRunner$2.evaluate(ParentRunner.java:268)
	at cucumber.api.junit.Cucumber$1.evaluate(Cucumber.java:127)
	at org.junit.runners.ParentRunner.run(ParentRunner.java:363)
	at org.gradle.api.internal.tasks.testing.junit.JUnitTestClassExecutor.runTestClass(JUnitTestClassExecutor.java:110)
	at org.gradle.api.internal.tasks.testing.junit.JUnitTestClassExecutor.execute(JUnitTestClassExecutor.java:58)
	at org.gradle.api.internal.tasks.testing.junit.JUnitTestClassExecutor.execute(JUnitTestClassExecutor.java:38)
	at org.gradle.api.internal.tasks.testing.junit.AbstractJUnitTestClassProcessor.processTestClass(AbstractJUnitTestClassProcessor.java:62)
	at org.gradle.api.internal.tasks.testing.SuiteTestClassProcessor.processTestClass(SuiteTestClassProcessor.java:51)
	at java.base/jdk.internal.reflect.NativeMethodAccessorImpl.invoke0(Native Method)
	at java.base/jdk.internal.reflect.NativeMethodAccessorImpl.invoke(NativeMethodAccessorImpl.java:62)
	at java.base/jdk.internal.reflect.DelegatingMethodAccessorImpl.invoke(DelegatingMethodAccessorImpl.java:43)
	at java.base/java.lang.reflect.Method.invoke(Method.java:566)
	at org.gradle.internal.dispatch.ReflectionDispatch.dispatch(ReflectionDispatch.java:35)
	at org.gradle.internal.dispatch.ReflectionDispatch.dispatch(ReflectionDispatch.java:24)
	at org.gradle.internal.dispatch.ContextClassLoaderDispatch.dispatch(ContextClassLoaderDispatch.java:32)
	at org.gradle.internal.dispatch.ProxyDispatchAdapter$DispatchingInvocationHandler.invoke(ProxyDispatchAdapter.java:93)
	at com.sun.proxy.$Proxy2.processTestClass(Unknown Source)
	at org.gradle.api.internal.tasks.testing.worker.TestWorker.processTestClass(TestWorker.java:118)
	at java.base/jdk.internal.reflect.NativeMethodAccessorImpl.invoke0(Native Method)
	at java.base/jdk.internal.reflect.NativeMethodAccessorImpl.invoke(NativeMethodAccessorImpl.java:62)
	at java.base/jdk.internal.reflect.DelegatingMethodAccessorImpl.invoke(DelegatingMethodAccessorImpl.java:43)
	at java.base/java.lang.reflect.Method.invoke(Method.java:566)
	at org.gradle.internal.dispatch.ReflectionDispatch.dispatch(ReflectionDispatch.java:35)
	at org.gradle.internal.dispatch.ReflectionDispatch.dispatch(ReflectionDispatch.java:24)
	at org.gradle.internal.remote.internal.hub.MessageHubBackedObjectConnection$DispatchWrapper.dispatch(MessageHubBackedObjectConnection.java:175)
	at org.gradle.internal.remote.internal.hub.MessageHubBackedObjectConnection$DispatchWrapper.dispatch(MessageHubBackedObjectConnection.java:157)
	at org.gradle.internal.remote.internal.hub.MessageHub$Handler.run(MessageHub.java:404)
	at org.gradle.internal.concurrent.ExecutorPolicy$CatchAndRecordFailures.onExecute(ExecutorPolicy.java:63)
	at org.gradle.internal.concurrent.ManagedExecutorImpl$1.run(ManagedExecutorImpl.java:46)
	at java.base/java.util.concurrent.ThreadPoolExecutor.runWorker(ThreadPoolExecutor.java:1128)
	at java.base/java.util.concurrent.ThreadPoolExecutor$Worker.run(ThreadPoolExecutor.java:628)
	at org.gradle.internal.concurrent.ThreadFactoryImpl$ManagedThreadRunnable.run(ThreadFactoryImpl.java:55)
	at java.base/java.lang.Thread.run(Thread.java:834)
Caused by: org.openqa.selenium.NoSuchElementException: no such element: Unable to locate element: {&quot;method&quot;:&quot;xpath&quot;,&quot;selector&quot;:&quot;//label[contains(@class,'checkmark signup-consent__checkbox error')]&quot;}
  (Session info: chrome=95.0.4638.69)
For documentation on this error, please visit: https://www.seleniumhq.org/exceptions/no_such_element.html
Build info: version: '3.141.59', revision: 'e82be7d358', time: '2018-11-14T08:17:03'
System info: host: 'SISTEMAS', ip: '172.20.208.1', os.name: 'Windows 10', os.arch: 'amd64', os.version: '10.0', java.version: '11.0.4'
Driver info: org.openqa.selenium.chrome.ChromeDriver
Capabilities {acceptInsecureCerts: false, browserName: chrome, browserVersion: 95.0.4638.69, chrome: {chromedriverVersion: 95.0.4638.69 (6a1600ed572fe..., userDataDir: C:\Users\Sistemas\AppData\L...}, goog:chromeOptions: {debuggerAddress: localhost:52374}, javascriptEnabled: true, networkConnectionEnabled: false, pageLoadStrategy: normal, platform: WINDOWS, platformName: WINDOWS, proxy: Proxy(), setWindowRect: true, strictFileInteractability: false, timeouts: {implicit: 0, pageLoad: 300000, script: 30000}, unhandledPromptBehavior: dismiss and notify, webauthn:extension:credBlob: true, webauthn:extension:largeBlob: true, webauthn:virtualAuthenticators: true}
Session ID: 406359d0b7d2bfbe3a11cd9b1ba20110
*** Element info: {Using=xpath, value=//label[contains(@class,'checkmark signup-consent__checkbox error')]}
	at java.base/jdk.internal.reflect.NativeConstructorAccessorImpl.newInstance0(Native Method)
	at java.base/jdk.internal.reflect.NativeConstructorAccessorImpl.newInstance(NativeConstructorAccessorImpl.java:62)
	at java.base/jdk.internal.reflect.DelegatingConstructorAccessorImpl.newInstance(DelegatingConstructorAccessorImpl.java:45)
	at java.base/java.lang.reflect.Constructor.newInstance(Constructor.java:490)
	at org.openqa.selenium.remote.http.W3CHttpResponseCodec.createException(W3CHttpResponseCodec.java:187)
	at org.openqa.selenium.remote.http.W3CHttpResponseCodec.decode(W3CHttpResponseCodec.java:122)
	at org.openqa.selenium.remote.http.W3CHttpResponseCodec.decode(W3CHttpResponseCodec.java:49)
	at org.openqa.selenium.remote.HttpCommandExecutor.execute(HttpCommandExecutor.java:158)
	at org.openqa.selenium.remote.service.DriverCommandExecutor.execute(DriverCommandExecutor.java:83)
	at org.openqa.selenium.remote.RemoteWebDriver.execute(RemoteWebDriver.java:552)
	at org.openqa.selenium.remote.RemoteWebDriver.findElement(RemoteWebDriver.java:323)
	at org.openqa.selenium.remote.RemoteWebDriver.findElementByXPath(RemoteWebDriver.java:428)
	at org.openqa.selenium.By$ByXPath.findElement(By.java:353)
	at org.openqa.selenium.remote.RemoteWebDriver.findElement(RemoteWebDriver.java:315)
	at net.thucydides.core.webdriver.WebDriverFacade.findElement(WebDriverFacade.java:222)
	at net.serenitybdd.core.pages.WebElementResolverByLocator.resolveForDriver(WebElementResolverByLocator.java:18)
	at net.serenitybdd.core.pages.WebElementFacadeImpl.getElement(WebElementFacadeImpl.java:221)
	at net.serenitybdd.core.pages.WebElementExpectations$3.apply(WebElementExpectations.java:63)
	at net.serenitybdd.core.pages.WebElementExpectations$3.apply(WebElementExpectations.java:55)
	at org.openqa.selenium.support.ui.FluentWait.until(FluentWait.java:249)
	... 99 more
</failure>
  </testcase>
  <system-out><![CDATA[]]></system-out>
  <system-err><![CDATA[[Test worker] WARN net.thucydides.core.steps.BaseStepListener - stepStarted: net.thucydides.core.steps.ExecutedStepDescription@408346a1
[Test worker] WARN net.thucydides.core.steps.BaseStepListener - stepStarted: net.thucydides.core.steps.ExecutedStepDescription@274af530
[Test worker] WARN net.thucydides.core.steps.BaseStepListener - stepStarted: net.thucydides.core.steps.ExecutedStepDescription@10ba734a
nov. 16, 2021 8:25:19 A. M. org.openqa.selenium.remote.DesiredCapabilities chrome
INFORMACIÓN: Using `new ChromeOptions()` is preferred to `DesiredCapabilities.chrome()`
[Test worker] INFO net.serenitybdd.core.webdriver.driverproviders.ProvideNewDriver - Instantiating driver
[Test worker] INFO net.serenitybdd.core.webdriver.driverproviders.ProvideNewDriver - Driver capabilities: Capabilities {acceptInsecureCerts: false, browserName: chrome, chrome.switches: --start-maximized, goog:chromeOptions: {args: [--start-maximized], extensions: []}, loggingPrefs: org.openqa.selenium.logging..., platform: ANY, version: }
Starting ChromeDriver 95.0.4638.69 (6a1600ed572fedecd573b6c2b90a22fe6392a410-refs/branch-heads/4638@{#984}) on port 2191
Only local connections are allowed.
Please see https://chromedriver.chromium.org/security-considerations for suggestions on keeping ChromeDriver safe.
ChromeDriver was started successfully.
nov. 16, 2021 8:25:32 A. M. org.openqa.selenium.remote.ProtocolHandshake createSession
INFORMACIÓN: Detected dialect: W3C
[Test worker] WARN net.thucydides.core.steps.BaseStepListener - stepFinished: current outcome:Automatic registration:Given that Mauricio wanted to register on the UTest platform [Mauricio open up [Mauricio opens the U test page]]
[Test worker] WARN net.thucydides.core.steps.BaseStepListener - stepFinished: current outcome:Automatic registration:Given that Mauricio wanted to register on the UTest platform [Mauricio open up [Mauricio opens the U test page]]
[Test worker] WARN net.thucydides.core.steps.BaseStepListener - stepFinished: current outcome:Automatic registration:Given that Mauricio wanted to register on the UTest platform [Mauricio open up [Mauricio opens the U test page]]
[Test worker] WARN net.thucydides.core.steps.BaseStepListener - stepStarted: net.thucydides.core.steps.ExecutedStepDescription@21ece4b7
[Test worker] WARN net.thucydides.core.steps.BaseStepListener - stepStarted: net.thucydides.core.steps.ExecutedStepDescription@634afb01
[Test worker] WARN net.thucydides.core.steps.BaseStepListener - stepStarted: net.thucydides.core.steps.ExecutedStepDescription@6e20f992
[Test worker] WARN net.thucydides.core.steps.BaseStepListener - stepFinished: current outcome:Automatic registration:Given that Mauricio wanted to register on the UTest platform [Mauricio open up [Mauricio opens the U test page]], When you enter the data requested for registration [Mauricio step personal [Mauricio clicks on button that shows us the form to register]]
[Test worker] WARN net.thucydides.core.steps.BaseStepListener - stepStarted: net.thucydides.core.steps.ExecutedStepDescription@395d78cc
[Test worker] WARN net.thucydides.core.steps.BaseStepListener - stepFinished: current outcome:Automatic registration:Given that Mauricio wanted to register on the UTest platform [Mauricio open up [Mauricio opens the U test page]], When you enter the data requested for registration [Mauricio step personal [Mauricio clicks on button that shows us the form to register, Mauricio enters 'Quest' into where we write the first name]]
[Test worker] WARN net.thucydides.core.steps.BaseStepListener - stepStarted: net.thucydides.core.steps.ExecutedStepDescription@377089a2
[Test worker] WARN net.thucydides.core.steps.BaseStepListener - stepFinished: current outcome:Automatic registration:Given that Mauricio wanted to register on the UTest platform [Mauricio open up [Mauricio opens the U test page]], When you enter the data requested for registration [Mauricio step personal [Mauricio clicks on button that shows us the form to register, Mauricio enters 'Quest' into where we write the first name, Mauricio enters 'Legends' into where we write the last name]]
[Test worker] WARN net.thucydides.core.steps.BaseStepListener - stepStarted: net.thucydides.core.steps.ExecutedStepDescription@34a610d2
[Test worker] WARN net.thucydides.core.steps.BaseStepListener - stepFinished: current outcome:Automatic registration:Given that Mauricio wanted to register on the UTest platform [Mauricio open up [Mauricio opens the U test page]], When you enter the data requested for registration [Mauricio step personal [Mauricio clicks on button that shows us the form to register, Mauricio enters 'Quest' into where we write the first name, Mauricio enters 'Legends' into where we write the last name, Mauricio enters 'qlegends@hotmail.com' into where we write the email address]]
[Test worker] WARN net.thucydides.core.steps.BaseStepListener - stepStarted: net.thucydides.core.steps.ExecutedStepDescription@109d1973
[Test worker] WARN net.thucydides.core.steps.BaseStepListener - stepFinished: current outcome:Automatic registration:Given that Mauricio wanted to register on the UTest platform [Mauricio open up [Mauricio opens the U test page]], When you enter the data requested for registration [Mauricio step personal [Mauricio clicks on button that shows us the form to register, Mauricio enters 'Quest' into where we write the first name, Mauricio enters 'Legends' into where we write the last name, Mauricio enters 'qlegends@hotmail.com' into where we write the email address, Mauricio selects index 12 in where we select the month of the birthday date]]
[Test worker] WARN net.thucydides.core.steps.BaseStepListener - stepStarted: net.thucydides.core.steps.ExecutedStepDescription@43ac4309
[Test worker] WARN net.thucydides.core.steps.BaseStepListener - stepFinished: current outcome:Automatic registration:Given that Mauricio wanted to register on the UTest platform [Mauricio open up [Mauricio opens the U test page]], When you enter the data requested for registration [Mauricio step personal [Mauricio clicks on button that shows us the form to register, Mauricio enters 'Quest' into where we write the first name, Mauricio enters 'Legends' into where we write the last name, Mauricio enters 'qlegends@hotmail.com' into where we write the email address, Mauricio selects index 12 in where we select the month of the birthday date, Mauricio selects index 31 in where we select the day of the birthday date]]
[Test worker] WARN net.thucydides.core.steps.BaseStepListener - stepStarted: net.thucydides.core.steps.ExecutedStepDescription@5b3a4592
[Test worker] WARN net.thucydides.core.steps.BaseStepListener - stepFinished: current outcome:Automatic registration:Given that Mauricio wanted to register on the UTest platform [Mauricio open up [Mauricio opens the U test page]], When you enter the data requested for registration [Mauricio step personal [Mauricio clicks on button that shows us the form to register, Mauricio enters 'Quest' into where we write the first name, Mauricio enters 'Legends' into where we write the last name, Mauricio enters 'qlegends@hotmail.com' into where we write the email address, Mauricio selects index 12 in where we select the month of the birthday date, Mauricio selects index 31 in where we select the day of the birthday date, Mauricio selects index 11 in where we select the year of the birthday date]]
[Test worker] WARN net.thucydides.core.steps.BaseStepListener - stepStarted: net.thucydides.core.steps.ExecutedStepDescription@304f3994
[Test worker] WARN net.thucydides.core.steps.BaseStepListener - stepFinished: current outcome:Automatic registration:Given that Mauricio wanted to register on the UTest platform [Mauricio open up [Mauricio opens the U test page]], When you enter the data requested for registration [Mauricio step personal [Mauricio clicks on button that shows us the form to register, Mauricio enters 'Quest' into where we write the first name, Mauricio enters 'Legends' into where we write the last name, Mauricio enters 'qlegends@hotmail.com' into where we write the email address, Mauricio selects index 12 in where we select the month of the birthday date, Mauricio selects index 31 in where we select the day of the birthday date, Mauricio selects index 11 in where we select the year of the birthday date, Mauricio clicks on button to next page location]]
[Test worker] WARN net.thucydides.core.steps.BaseStepListener - stepFinished: current outcome:Automatic registration:Given that Mauricio wanted to register on the UTest platform [Mauricio open up [Mauricio opens the U test page]], When you enter the data requested for registration [Mauricio step personal [Mauricio clicks on button that shows us the form to register, Mauricio enters 'Quest' into where we write the first name, Mauricio enters 'Legends' into where we write the last name, Mauricio enters 'qlegends@hotmail.com' into where we write the email address, Mauricio selects index 12 in where we select the month of the birthday date, Mauricio selects index 31 in where we select the day of the birthday date, Mauricio selects index 11 in where we select the year of the birthday date, Mauricio clicks on button to next page location]]
[Test worker] WARN net.thucydides.core.steps.BaseStepListener - stepStarted: net.thucydides.core.steps.ExecutedStepDescription@4f4ed3b
[Test worker] WARN net.thucydides.core.steps.BaseStepListener - stepStarted: net.thucydides.core.steps.ExecutedStepDescription@1411e93e
[Test worker] WARN net.thucydides.core.steps.BaseStepListener - stepFinished: current outcome:Automatic registration:Given that Mauricio wanted to register on the UTest platform [Mauricio open up [Mauricio opens the U test page]], When you enter the data requested for registration [Mauricio step personal [Mauricio clicks on button that shows us the form to register, Mauricio enters 'Quest' into where we write the first name, Mauricio enters 'Legends' into where we write the last name, Mauricio enters 'qlegends@hotmail.com' into where we write the email address, Mauricio selects index 12 in where we select the month of the birthday date, Mauricio selects index 31 in where we select the day of the birthday date, Mauricio selects index 11 in where we select the year of the birthday date, Mauricio clicks on button to next page location], Mauricio step address [Mauricio enters 'Cali' into where we write the city]]
[Test worker] WARN net.thucydides.core.steps.BaseStepListener - stepStarted: net.thucydides.core.steps.ExecutedStepDescription@5edbd515
[Test worker] WARN net.thucydides.core.steps.BaseStepListener - stepFinished: current outcome:Automatic registration:Given that Mauricio wanted to register on the UTest platform [Mauricio open up [Mauricio opens the U test page]], When you enter the data requested for registration [Mauricio step personal [Mauricio clicks on button that shows us the form to register, Mauricio enters 'Quest' into where we write the first name, Mauricio enters 'Legends' into where we write the last name, Mauricio enters 'qlegends@hotmail.com' into where we write the email address, Mauricio selects index 12 in where we select the month of the birthday date, Mauricio selects index 31 in where we select the day of the birthday date, Mauricio selects index 11 in where we select the year of the birthday date, Mauricio clicks on button to next page location], Mauricio step address [Mauricio enters 'Cali' into where we write the city, Mauricio enters '760042' into where we write the number zip or postal code]]
[Test worker] WARN net.thucydides.core.steps.BaseStepListener - stepStarted: net.thucydides.core.steps.ExecutedStepDescription@1bbbb830
[Test worker] WARN net.thucydides.core.steps.BaseStepListener - stepFinished: current outcome:Automatic registration:Given that Mauricio wanted to register on the UTest platform [Mauricio open up [Mauricio opens the U test page]], When you enter the data requested for registration [Mauricio step personal [Mauricio clicks on button that shows us the form to register, Mauricio enters 'Quest' into where we write the first name, Mauricio enters 'Legends' into where we write the last name, Mauricio enters 'qlegends@hotmail.com' into where we write the email address, Mauricio selects index 12 in where we select the month of the birthday date, Mauricio selects index 31 in where we select the day of the birthday date, Mauricio selects index 11 in where we select the year of the birthday date, Mauricio clicks on button to next page location], Mauricio step address [Mauricio enters 'Cali' into where we write the city, Mauricio enters '760042' into where we write the number zip or postal code, Mauricio clicks on button to next page location]]
[Test worker] WARN net.thucydides.core.steps.BaseStepListener - stepFinished: current outcome:Automatic registration:Given that Mauricio wanted to register on the UTest platform [Mauricio open up [Mauricio opens the U test page]], When you enter the data requested for registration [Mauricio step personal [Mauricio clicks on button that shows us the form to register, Mauricio enters 'Quest' into where we write the first name, Mauricio enters 'Legends' into where we write the last name, Mauricio enters 'qlegends@hotmail.com' into where we write the email address, Mauricio selects index 12 in where we select the month of the birthday date, Mauricio selects index 31 in where we select the day of the birthday date, Mauricio selects index 11 in where we select the year of the birthday date, Mauricio clicks on button to next page location], Mauricio step address [Mauricio enters 'Cali' into where we write the city, Mauricio enters '760042' into where we write the number zip or postal code, Mauricio clicks on button to next page location]]
[Test worker] WARN net.thucydides.core.steps.BaseStepListener - stepStarted: net.thucydides.core.steps.ExecutedStepDescription@7013c907
[Test worker] WARN net.thucydides.core.steps.BaseStepListener - stepStarted: net.thucydides.core.steps.ExecutedStepDescription@52f05450
[Test worker] WARN net.thucydides.core.steps.BaseStepListener - stepFinished: current outcome:Automatic registration:Given that Mauricio wanted to register on the UTest platform [Mauricio open up [Mauricio opens the U test page]], When you enter the data requested for registration [Mauricio step personal [Mauricio clicks on button that shows us the form to register, Mauricio enters 'Quest' into where we write the first name, Mauricio enters 'Legends' into where we write the last name, Mauricio enters 'qlegends@hotmail.com' into where we write the email address, Mauricio selects index 12 in where we select the month of the birthday date, Mauricio selects index 31 in where we select the day of the birthday date, Mauricio selects index 11 in where we select the year of the birthday date, Mauricio clicks on button to next page location], Mauricio step address [Mauricio enters 'Cali' into where we write the city, Mauricio enters '760042' into where we write the number zip or postal code, Mauricio clicks on button to next page location], Mauricio step devices [Mauricio clicks on button to next page location]]
[Test worker] WARN net.thucydides.core.steps.BaseStepListener - stepFinished: current outcome:Automatic registration:Given that Mauricio wanted to register on the UTest platform [Mauricio open up [Mauricio opens the U test page]], When you enter the data requested for registration [Mauricio step personal [Mauricio clicks on button that shows us the form to register, Mauricio enters 'Quest' into where we write the first name, Mauricio enters 'Legends' into where we write the last name, Mauricio enters 'qlegends@hotmail.com' into where we write the email address, Mauricio selects index 12 in where we select the month of the birthday date, Mauricio selects index 31 in where we select the day of the birthday date, Mauricio selects index 11 in where we select the year of the birthday date, Mauricio clicks on button to next page location], Mauricio step address [Mauricio enters 'Cali' into where we write the city, Mauricio enters '760042' into where we write the number zip or postal code, Mauricio clicks on button to next page location], Mauricio step devices [Mauricio clicks on button to next page location]]
[Test worker] WARN net.thucydides.core.steps.BaseStepListener - stepStarted: net.thucydides.core.steps.ExecutedStepDescription@6177e3db
[Test worker] WARN net.thucydides.core.steps.BaseStepListener - stepStarted: net.thucydides.core.steps.ExecutedStepDescription@3004a096
[Test worker] WARN net.thucydides.core.steps.BaseStepListener - stepFinished: current outcome:Automatic registration:Given that Mauricio wanted to register on the UTest platform [Mauricio open up [Mauricio opens the U test page]], When you enter the data requested for registration [Mauricio step personal [Mauricio clicks on button that shows us the form to register, Mauricio enters 'Quest' into where we write the first name, Mauricio enters 'Legends' into where we write the last name, Mauricio enters 'qlegends@hotmail.com' into where we write the email address, Mauricio selects index 12 in where we select the month of the birthday date, Mauricio selects index 31 in where we select the day of the birthday date, Mauricio selects index 11 in where we select the year of the birthday date, Mauricio clicks on button to next page location], Mauricio step address [Mauricio enters 'Cali' into where we write the city, Mauricio enters '760042' into where we write the number zip or postal code, Mauricio clicks on button to next page location], Mauricio step devices [Mauricio clicks on button to next page location], Mauricio step complete [Mauricio enters '62lR3sthdNcz' into where we write the first name]]
[Test worker] WARN net.thucydides.core.steps.BaseStepListener - stepStarted: net.thucydides.core.steps.ExecutedStepDescription@67faafbf
[Test worker] WARN net.thucydides.core.steps.BaseStepListener - stepFinished: current outcome:Automatic registration:Given that Mauricio wanted to register on the UTest platform [Mauricio open up [Mauricio opens the U test page]], When you enter the data requested for registration [Mauricio step personal [Mauricio clicks on button that shows us the form to register, Mauricio enters 'Quest' into where we write the first name, Mauricio enters 'Legends' into where we write the last name, Mauricio enters 'qlegends@hotmail.com' into where we write the email address, Mauricio selects index 12 in where we select the month of the birthday date, Mauricio selects index 31 in where we select the day of the birthday date, Mauricio selects index 11 in where we select the year of the birthday date, Mauricio clicks on button to next page location], Mauricio step address [Mauricio enters 'Cali' into where we write the city, Mauricio enters '760042' into where we write the number zip or postal code, Mauricio clicks on button to next page location], Mauricio step devices [Mauricio clicks on button to next page location], Mauricio step complete [Mauricio enters '62lR3sthdNcz' into where we write the first name, Mauricio enters '62lR3sthdNcz' into where we write the first name]]
[Test worker] WARN net.thucydides.core.steps.BaseStepListener - stepStarted: net.thucydides.core.steps.ExecutedStepDescription@29f20659
[Test worker] WARN net.thucydides.core.steps.BaseStepListener - stepStarted: net.thucydides.core.steps.ExecutedStepDescription@4109c7e3
[Test worker] WARN net.thucydides.core.steps.BaseStepListener - testFinished: Automatic registration:Given that Mauricio wanted to register on the UTest platform [Mauricio open up [Mauricio opens the U test page]], When you enter the data requested for registration [Mauricio step personal [Mauricio clicks on button that shows us the form to register, Mauricio enters 'Quest' into where we write the first name, Mauricio enters 'Legends' into where we write the last name, Mauricio enters 'qlegends@hotmail.com' into where we write the email address, Mauricio selects index 12 in where we select the month of the birthday date, Mauricio selects index 31 in where we select the day of the birthday date, Mauricio selects index 11 in where we select the year of the birthday date, Mauricio clicks on button to next page location], Mauricio step address [Mauricio enters 'Cali' into where we write the city, Mauricio enters '760042' into where we write the number zip or postal code, Mauricio clicks on button to next page location], Mauricio step devices [Mauricio clicks on button to next page location], Mauricio step complete [Mauricio enters '62lR3sthdNcz' into where we write the first name, Mauricio enters '62lR3sthdNcz' into where we write the first name, Mauricio clicks on button to next page location]], Then enter the passwords, accept terms and conditions and complete the registration
[Test worker] WARN net.thucydides.core.steps.BaseStepListener - TestOutcomes: [Automatic registration:Given that Mauricio wanted to register on the UTest platform [Mauricio open up [Mauricio opens the U test page]], When you enter the data requested for registration [Mauricio step personal [Mauricio clicks on button that shows us the form to register, Mauricio enters 'Quest' into where we write the first name, Mauricio enters 'Legends' into where we write the last name, Mauricio enters 'qlegends@hotmail.com' into where we write the email address, Mauricio selects index 12 in where we select the month of the birthday date, Mauricio selects index 31 in where we select the day of the birthday date, Mauricio selects index 11 in where we select the year of the birthday date, Mauricio clicks on button to next page location], Mauricio step address [Mauricio enters 'Cali' into where we write the city, Mauricio enters '760042' into where we write the number zip or postal code, Mauricio clicks on button to next page location], Mauricio step devices [Mauricio clicks on button to next page location], Mauricio step complete [Mauricio enters '62lR3sthdNcz' into where we write the first name, Mauricio enters '62lR3sthdNcz' into where we write the first name, Mauricio clicks on button to next page location]], Then enter the passwords, accept terms and conditions and complete the registration]
[Test worker] WARN net.thucydides.core.steps.BaseStepListener - Final testOutcomes: [Automatic registration:Given that Mauricio wanted to register on the UTest platform [Mauricio open up [Mauricio opens the U test page]], When you enter the data requested for registration [Mauricio step personal [Mauricio clicks on button that shows us the form to register, Mauricio enters 'Quest' into where we write the first name, Mauricio enters 'Legends' into where we write the last name, Mauricio enters 'qlegends@hotmail.com' into where we write the email address, Mauricio selects index 12 in where we select the month of the birthday date, Mauricio selects index 31 in where we select the day of the birthday date, Mauricio selects index 11 in where we select the year of the birthday date, Mauricio clicks on button to next page location], Mauricio step address [Mauricio enters 'Cali' into where we write the city, Mauricio enters '760042' into where we write the number zip or postal code, Mauricio clicks on button to next page location], Mauricio step devices [Mauricio clicks on button to next page location], Mauricio step complete [Mauricio enters '62lR3sthdNcz' into where we write the first name, Mauricio enters '62lR3sthdNcz' into where we write the first name, Mauricio clicks on button to next page location]], Then enter the passwords, accept terms and conditions and complete the registration]
[Test worker] ERROR net.thucydides.core.steps.ConsoleLoggingListener - 
           __  _____ _____ ____ _____   _____ _    ___ _     _____ ____  
  _       / / |_   _| ____/ ___|_   _| |  ___/ \  |_ _| |   | ____|  _ \ 
 (_)_____| |    | | |  _| \___ \ | |   | |_ / _ \  | || |   |  _| | | | |
  _|_____| |    | | | |___ ___) || |   |  _/ ___ \ | || |___| |___| |_| |
 (_)     | |    |_| |_____|____/ |_|   |_|/_/   \_\___|_____|_____|____/ 
          \_\                                                            

TEST FAILED: Automatic registration
--------------------------------------------------------------------------
[Test worker] ERROR net.thucydides.core.steps.ConsoleLoggingListener - TEST FAILED AT STEP Mauricio clicks on button to next page location
[Test worker] ERROR net.thucydides.core.steps.ConsoleLoggingListener - Expected enabled element was not enabled
]]></system-err>
</testsuite>
